[2024-11-10 19:04:06] [INFO] Aplicación arrancada
[2024-11-10 19:04:07] [INFO] Mostrando logs...
[2024-11-10 19:27:22] [INFO] Aplicación arrancada
[2024-11-10 19:27:43] [INFO] Mostrar logs
[2024-11-10 19:27:49] [INFO] Listado de préstamos
[2024-11-10 19:27:50] [ERROR] Error al devolver el libro: No value present
[2024-11-10 19:28:38] [WARN] Libro no encontrado.
[2024-11-10 19:28:42] [INFO] Mostrar logs
[2024-11-10 19:28:46] [INFO] Saliendo de la aplicación
[2024-11-10 19:29:17] [INFO] Aplicación arrancada
[2024-11-10 19:29:28] [INFO] Autor agregado: Autor{id=1, nombre='1', fechaNacimiento='09/10/2001', nacionalidad='e'}
[2024-11-10 19:29:30] [INFO] Listado de autores.
[2024-11-10 19:29:35] [INFO] Autor eliminado.
[2024-11-10 19:29:36] [INFO] Listado de autores.
[2024-11-10 19:29:38] [INFO] Mostrar logs
[2024-11-10 19:29:44] [INFO] Listado de libros
[2024-11-10 19:29:48] [ERROR] Error al agregar el libro: Autor no encontrado con ID: 1
[2024-11-10 19:29:50] [INFO] Listado de libros
[2024-11-10 19:29:59] [INFO] Listado de libros
[2024-11-10 19:30:21] [ERROR] Error al agregar el libro: Autor no encontrado con ID: 1
[2024-11-10 19:30:22] [INFO] Listado de libros
[2024-11-10 19:30:27] [INFO] Listado de autores.
[2024-11-10 19:30:50] [INFO] Autor agregado: Autor{id=1, nombre='p', fechaNacimiento='09/10/2001', nacionalidad='p'}
[2024-11-10 19:30:59] [INFO] Libro agregado: Libro{id=1, titulo='1', genero='1', anio=1, autor=Autor{id=1, nombre='p', fechaNacimiento='09/10/2001', nacionalidad='p'}}
[2024-11-10 19:31:00] [INFO] Listado de libros
[2024-11-10 19:31:06] [INFO] Préstamo registrado: Prestamo{id=1, libro=Libro{id=1, titulo='1', genero='1', anio=1, autor=Autor{id=1, nombre='p', fechaNacimiento='09/10/2001', nacionalidad='p'}}, fechaPrestamo=Sun Nov 10 19:31:06 CET 2024, fechaDevolucion=null}
